<?xml version="1.0" encoding="UTF-8"?>
<!-- Generated by org.testng.reporters.JUnitXMLReporter -->
<testsuite ignored="0" hostname="DESKTOP-1OGJN64" failures="7" tests="10" name="Test" time="141.395" errors="0" timestamp="2023-01-23T00:03:02 GMT-05:00">
  <testcase classname="com.sysmatech.TestCases.Tc_LoginTest_001" name="loginTest" time="6.87"/>
  <testcase classname="com.sysmatech.TestCases.Tc_LoginDDT_002" name="loginDDT" time="14.855">
    <failure type="org.openqa.selenium.NoSuchElementException" message="Unable to locate element: /html/body/div[1]/header/nav/div[2]/ul/li[9]/a
For documentation on this error, please visit: https://selenium.dev/exceptions/#no_such_element
Build info: version: &amp;apos;4.7.2&amp;apos;, revision: &amp;apos;4d4020c3b7&amp;apos;
System info: os.name: &amp;apos;Windows 10&amp;apos;, os.arch: &amp;apos;amd64&amp;apos;, os.version: &amp;apos;10.0&amp;apos;, java.version: &amp;apos;19.0.2&amp;apos;
Driver info: org.openqa.selenium.firefox.FirefoxDriver
Command: [417a7cbf-a862-429e-bfc7-c2e8fd6780ff, findElement {using=xpath, value=/html/body/div[1]/header/nav/div[2]/ul/li[9]/a}]
Capabilities {acceptInsecureCerts: true, browserName: firefox, browserVersion: 109.0, moz:accessibilityChecks: false, moz:buildID: 20230112150232, moz:debuggerAddress: 127.0.0.1:28101, moz:geckodriverVersion: 0.32.0, moz:headless: false, moz:platformVersion: 10.0, moz:processID: 10676, moz:profile: C:\Users\RAKESH~1\AppData\L..., moz:shutdownTimeout: 60000, moz:useNonSpecCompliantPointerOrigin: false, moz:webdriverClick: true, moz:windowless: false, pageLoadStrategy: normal, platformName: WINDOWS, proxy: Proxy(), se:cdp: ws://127.0.0.1:28101/devtoo..., se:cdpVersion: 85.0, setWindowRect: true, strictFileInteractability: false, timeouts: {implicit: 0, pageLoad: 300000, script: 30000}, unhandledPromptBehavior: dismiss and notify}
Session ID: 417a7cbf-a862-429e-bfc7-c2e8fd6780ff">
      <![CDATA[org.openqa.selenium.NoSuchElementException: Unable to locate element: /html/body/div[1]/header/nav/div[2]/ul/li[9]/a
For documentation on this error, please visit: https://selenium.dev/exceptions/#no_such_element
Build info: version: '4.7.2', revision: '4d4020c3b7'
System info: os.name: 'Windows 10', os.arch: 'amd64', os.version: '10.0', java.version: '19.0.2'
Driver info: org.openqa.selenium.firefox.FirefoxDriver
Command: [417a7cbf-a862-429e-bfc7-c2e8fd6780ff, findElement {using=xpath, value=/html/body/div[1]/header/nav/div[2]/ul/li[9]/a}]
Capabilities {acceptInsecureCerts: true, browserName: firefox, browserVersion: 109.0, moz:accessibilityChecks: false, moz:buildID: 20230112150232, moz:debuggerAddress: 127.0.0.1:28101, moz:geckodriverVersion: 0.32.0, moz:headless: false, moz:platformVersion: 10.0, moz:processID: 10676, moz:profile: C:\Users\RAKESH~1\AppData\L..., moz:shutdownTimeout: 60000, moz:useNonSpecCompliantPointerOrigin: false, moz:webdriverClick: true, moz:windowless: false, pageLoadStrategy: normal, platformName: WINDOWS, proxy: Proxy(), se:cdp: ws://127.0.0.1:28101/devtoo..., se:cdpVersion: 85.0, setWindowRect: true, strictFileInteractability: false, timeouts: {implicit: 0, pageLoad: 300000, script: 30000}, unhandledPromptBehavior: dismiss and notify}
Session ID: 417a7cbf-a862-429e-bfc7-c2e8fd6780ff
at org.openqa.selenium.remote.codec.w3c.W3CHttpResponseCodec.createException(W3CHttpResponseCodec.java:200)
at org.openqa.selenium.remote.codec.w3c.W3CHttpResponseCodec.decode(W3CHttpResponseCodec.java:133)
at org.openqa.selenium.remote.codec.w3c.W3CHttpResponseCodec.decode(W3CHttpResponseCodec.java:53)
at org.openqa.selenium.remote.HttpCommandExecutor.execute(HttpCommandExecutor.java:184)
at org.openqa.selenium.remote.service.DriverCommandExecutor.invokeExecute(DriverCommandExecutor.java:167)
at org.openqa.selenium.remote.service.DriverCommandExecutor.execute(DriverCommandExecutor.java:142)
at org.openqa.selenium.remote.RemoteWebDriver.execute(RemoteWebDriver.java:535)
at org.openqa.selenium.remote.ElementLocation$ElementFinder$2.findElement(ElementLocation.java:162)
at org.openqa.selenium.remote.ElementLocation.findElement(ElementLocation.java:60)
at org.openqa.selenium.remote.RemoteWebDriver.findElement(RemoteWebDriver.java:351)
at org.openqa.selenium.remote.RemoteWebDriver.findElement(RemoteWebDriver.java:343)
at com.sysmatech.TestCases.Tc_LoginDDT_002.loginDDT(Tc_LoginDDT_002.java:22)
at java.base/java.util.ArrayList.forEach(ArrayList.java:1511)
... Removed 28 stack frames]]>
    </failure>
  </testcase> <!-- loginDDT -->
  <testcase classname="com.sysmatech.TestCases.Tc_LoginDDT_002" name="loginDDT" time="8.371"/>
  <testcase classname="com.sysmatech.TestCases.Tc_LoginDDT_002" name="loginDDT" time="14.749">
    <failure type="org.openqa.selenium.NoSuchElementException" message="Unable to locate element: /html/body/div[1]/header/nav/div[2]/ul/li[9]/a
For documentation on this error, please visit: https://selenium.dev/exceptions/#no_such_element
Build info: version: &amp;apos;4.7.2&amp;apos;, revision: &amp;apos;4d4020c3b7&amp;apos;
System info: os.name: &amp;apos;Windows 10&amp;apos;, os.arch: &amp;apos;amd64&amp;apos;, os.version: &amp;apos;10.0&amp;apos;, java.version: &amp;apos;19.0.2&amp;apos;
Driver info: org.openqa.selenium.firefox.FirefoxDriver
Command: [417a7cbf-a862-429e-bfc7-c2e8fd6780ff, findElement {using=xpath, value=/html/body/div[1]/header/nav/div[2]/ul/li[9]/a}]
Capabilities {acceptInsecureCerts: true, browserName: firefox, browserVersion: 109.0, moz:accessibilityChecks: false, moz:buildID: 20230112150232, moz:debuggerAddress: 127.0.0.1:28101, moz:geckodriverVersion: 0.32.0, moz:headless: false, moz:platformVersion: 10.0, moz:processID: 10676, moz:profile: C:\Users\RAKESH~1\AppData\L..., moz:shutdownTimeout: 60000, moz:useNonSpecCompliantPointerOrigin: false, moz:webdriverClick: true, moz:windowless: false, pageLoadStrategy: normal, platformName: WINDOWS, proxy: Proxy(), se:cdp: ws://127.0.0.1:28101/devtoo..., se:cdpVersion: 85.0, setWindowRect: true, strictFileInteractability: false, timeouts: {implicit: 0, pageLoad: 300000, script: 30000}, unhandledPromptBehavior: dismiss and notify}
Session ID: 417a7cbf-a862-429e-bfc7-c2e8fd6780ff">
      <![CDATA[org.openqa.selenium.NoSuchElementException: Unable to locate element: /html/body/div[1]/header/nav/div[2]/ul/li[9]/a
For documentation on this error, please visit: https://selenium.dev/exceptions/#no_such_element
Build info: version: '4.7.2', revision: '4d4020c3b7'
System info: os.name: 'Windows 10', os.arch: 'amd64', os.version: '10.0', java.version: '19.0.2'
Driver info: org.openqa.selenium.firefox.FirefoxDriver
Command: [417a7cbf-a862-429e-bfc7-c2e8fd6780ff, findElement {using=xpath, value=/html/body/div[1]/header/nav/div[2]/ul/li[9]/a}]
Capabilities {acceptInsecureCerts: true, browserName: firefox, browserVersion: 109.0, moz:accessibilityChecks: false, moz:buildID: 20230112150232, moz:debuggerAddress: 127.0.0.1:28101, moz:geckodriverVersion: 0.32.0, moz:headless: false, moz:platformVersion: 10.0, moz:processID: 10676, moz:profile: C:\Users\RAKESH~1\AppData\L..., moz:shutdownTimeout: 60000, moz:useNonSpecCompliantPointerOrigin: false, moz:webdriverClick: true, moz:windowless: false, pageLoadStrategy: normal, platformName: WINDOWS, proxy: Proxy(), se:cdp: ws://127.0.0.1:28101/devtoo..., se:cdpVersion: 85.0, setWindowRect: true, strictFileInteractability: false, timeouts: {implicit: 0, pageLoad: 300000, script: 30000}, unhandledPromptBehavior: dismiss and notify}
Session ID: 417a7cbf-a862-429e-bfc7-c2e8fd6780ff
at org.openqa.selenium.remote.codec.w3c.W3CHttpResponseCodec.createException(W3CHttpResponseCodec.java:200)
at org.openqa.selenium.remote.codec.w3c.W3CHttpResponseCodec.decode(W3CHttpResponseCodec.java:133)
at org.openqa.selenium.remote.codec.w3c.W3CHttpResponseCodec.decode(W3CHttpResponseCodec.java:53)
at org.openqa.selenium.remote.HttpCommandExecutor.execute(HttpCommandExecutor.java:184)
at org.openqa.selenium.remote.service.DriverCommandExecutor.invokeExecute(DriverCommandExecutor.java:167)
at org.openqa.selenium.remote.service.DriverCommandExecutor.execute(DriverCommandExecutor.java:142)
at org.openqa.selenium.remote.RemoteWebDriver.execute(RemoteWebDriver.java:535)
at org.openqa.selenium.remote.ElementLocation$ElementFinder$2.findElement(ElementLocation.java:162)
at org.openqa.selenium.remote.ElementLocation.findElement(ElementLocation.java:60)
at org.openqa.selenium.remote.RemoteWebDriver.findElement(RemoteWebDriver.java:351)
at org.openqa.selenium.remote.RemoteWebDriver.findElement(RemoteWebDriver.java:343)
at com.sysmatech.TestCases.Tc_LoginDDT_002.loginDDT(Tc_LoginDDT_002.java:22)
at java.base/java.util.ArrayList.forEach(ArrayList.java:1511)
... Removed 28 stack frames]]>
    </failure>
  </testcase> <!-- loginDDT -->
  <testcase classname="com.sysmatech.TestCases.Tc_LoginDDT_002" name="loginDDT" time="9.666"/>
  <testcase classname="com.sysmatech.TestCases.Tc_LoginDDT_002" name="loginDDT" time="14.856">
    <failure type="org.openqa.selenium.NoSuchElementException" message="Unable to locate element: /html/body/div[1]/header/nav/div[2]/ul/li[9]/a
For documentation on this error, please visit: https://selenium.dev/exceptions/#no_such_element
Build info: version: &amp;apos;4.7.2&amp;apos;, revision: &amp;apos;4d4020c3b7&amp;apos;
System info: os.name: &amp;apos;Windows 10&amp;apos;, os.arch: &amp;apos;amd64&amp;apos;, os.version: &amp;apos;10.0&amp;apos;, java.version: &amp;apos;19.0.2&amp;apos;
Driver info: org.openqa.selenium.firefox.FirefoxDriver
Command: [417a7cbf-a862-429e-bfc7-c2e8fd6780ff, findElement {using=xpath, value=/html/body/div[1]/header/nav/div[2]/ul/li[9]/a}]
Capabilities {acceptInsecureCerts: true, browserName: firefox, browserVersion: 109.0, moz:accessibilityChecks: false, moz:buildID: 20230112150232, moz:debuggerAddress: 127.0.0.1:28101, moz:geckodriverVersion: 0.32.0, moz:headless: false, moz:platformVersion: 10.0, moz:processID: 10676, moz:profile: C:\Users\RAKESH~1\AppData\L..., moz:shutdownTimeout: 60000, moz:useNonSpecCompliantPointerOrigin: false, moz:webdriverClick: true, moz:windowless: false, pageLoadStrategy: normal, platformName: WINDOWS, proxy: Proxy(), se:cdp: ws://127.0.0.1:28101/devtoo..., se:cdpVersion: 85.0, setWindowRect: true, strictFileInteractability: false, timeouts: {implicit: 0, pageLoad: 300000, script: 30000}, unhandledPromptBehavior: dismiss and notify}
Session ID: 417a7cbf-a862-429e-bfc7-c2e8fd6780ff">
      <![CDATA[org.openqa.selenium.NoSuchElementException: Unable to locate element: /html/body/div[1]/header/nav/div[2]/ul/li[9]/a
For documentation on this error, please visit: https://selenium.dev/exceptions/#no_such_element
Build info: version: '4.7.2', revision: '4d4020c3b7'
System info: os.name: 'Windows 10', os.arch: 'amd64', os.version: '10.0', java.version: '19.0.2'
Driver info: org.openqa.selenium.firefox.FirefoxDriver
Command: [417a7cbf-a862-429e-bfc7-c2e8fd6780ff, findElement {using=xpath, value=/html/body/div[1]/header/nav/div[2]/ul/li[9]/a}]
Capabilities {acceptInsecureCerts: true, browserName: firefox, browserVersion: 109.0, moz:accessibilityChecks: false, moz:buildID: 20230112150232, moz:debuggerAddress: 127.0.0.1:28101, moz:geckodriverVersion: 0.32.0, moz:headless: false, moz:platformVersion: 10.0, moz:processID: 10676, moz:profile: C:\Users\RAKESH~1\AppData\L..., moz:shutdownTimeout: 60000, moz:useNonSpecCompliantPointerOrigin: false, moz:webdriverClick: true, moz:windowless: false, pageLoadStrategy: normal, platformName: WINDOWS, proxy: Proxy(), se:cdp: ws://127.0.0.1:28101/devtoo..., se:cdpVersion: 85.0, setWindowRect: true, strictFileInteractability: false, timeouts: {implicit: 0, pageLoad: 300000, script: 30000}, unhandledPromptBehavior: dismiss and notify}
Session ID: 417a7cbf-a862-429e-bfc7-c2e8fd6780ff
at org.openqa.selenium.remote.codec.w3c.W3CHttpResponseCodec.createException(W3CHttpResponseCodec.java:200)
at org.openqa.selenium.remote.codec.w3c.W3CHttpResponseCodec.decode(W3CHttpResponseCodec.java:133)
at org.openqa.selenium.remote.codec.w3c.W3CHttpResponseCodec.decode(W3CHttpResponseCodec.java:53)
at org.openqa.selenium.remote.HttpCommandExecutor.execute(HttpCommandExecutor.java:184)
at org.openqa.selenium.remote.service.DriverCommandExecutor.invokeExecute(DriverCommandExecutor.java:167)
at org.openqa.selenium.remote.service.DriverCommandExecutor.execute(DriverCommandExecutor.java:142)
at org.openqa.selenium.remote.RemoteWebDriver.execute(RemoteWebDriver.java:535)
at org.openqa.selenium.remote.ElementLocation$ElementFinder$2.findElement(ElementLocation.java:162)
at org.openqa.selenium.remote.ElementLocation.findElement(ElementLocation.java:60)
at org.openqa.selenium.remote.RemoteWebDriver.findElement(RemoteWebDriver.java:351)
at org.openqa.selenium.remote.RemoteWebDriver.findElement(RemoteWebDriver.java:343)
at com.sysmatech.TestCases.Tc_LoginDDT_002.loginDDT(Tc_LoginDDT_002.java:22)
at java.base/java.util.ArrayList.forEach(ArrayList.java:1511)
... Removed 28 stack frames]]>
    </failure>
  </testcase> <!-- loginDDT -->
  <testcase classname="com.sysmatech.TestCases.Tc_LoginDDT_002" name="loginDDT" time="14.809">
    <failure type="org.openqa.selenium.NoSuchElementException" message="Unable to locate element: /html/body/div[1]/header/nav/div[2]/ul/li[9]/a
For documentation on this error, please visit: https://selenium.dev/exceptions/#no_such_element
Build info: version: &amp;apos;4.7.2&amp;apos;, revision: &amp;apos;4d4020c3b7&amp;apos;
System info: os.name: &amp;apos;Windows 10&amp;apos;, os.arch: &amp;apos;amd64&amp;apos;, os.version: &amp;apos;10.0&amp;apos;, java.version: &amp;apos;19.0.2&amp;apos;
Driver info: org.openqa.selenium.firefox.FirefoxDriver
Command: [417a7cbf-a862-429e-bfc7-c2e8fd6780ff, findElement {using=xpath, value=/html/body/div[1]/header/nav/div[2]/ul/li[9]/a}]
Capabilities {acceptInsecureCerts: true, browserName: firefox, browserVersion: 109.0, moz:accessibilityChecks: false, moz:buildID: 20230112150232, moz:debuggerAddress: 127.0.0.1:28101, moz:geckodriverVersion: 0.32.0, moz:headless: false, moz:platformVersion: 10.0, moz:processID: 10676, moz:profile: C:\Users\RAKESH~1\AppData\L..., moz:shutdownTimeout: 60000, moz:useNonSpecCompliantPointerOrigin: false, moz:webdriverClick: true, moz:windowless: false, pageLoadStrategy: normal, platformName: WINDOWS, proxy: Proxy(), se:cdp: ws://127.0.0.1:28101/devtoo..., se:cdpVersion: 85.0, setWindowRect: true, strictFileInteractability: false, timeouts: {implicit: 0, pageLoad: 300000, script: 30000}, unhandledPromptBehavior: dismiss and notify}
Session ID: 417a7cbf-a862-429e-bfc7-c2e8fd6780ff">
      <![CDATA[org.openqa.selenium.NoSuchElementException: Unable to locate element: /html/body/div[1]/header/nav/div[2]/ul/li[9]/a
For documentation on this error, please visit: https://selenium.dev/exceptions/#no_such_element
Build info: version: '4.7.2', revision: '4d4020c3b7'
System info: os.name: 'Windows 10', os.arch: 'amd64', os.version: '10.0', java.version: '19.0.2'
Driver info: org.openqa.selenium.firefox.FirefoxDriver
Command: [417a7cbf-a862-429e-bfc7-c2e8fd6780ff, findElement {using=xpath, value=/html/body/div[1]/header/nav/div[2]/ul/li[9]/a}]
Capabilities {acceptInsecureCerts: true, browserName: firefox, browserVersion: 109.0, moz:accessibilityChecks: false, moz:buildID: 20230112150232, moz:debuggerAddress: 127.0.0.1:28101, moz:geckodriverVersion: 0.32.0, moz:headless: false, moz:platformVersion: 10.0, moz:processID: 10676, moz:profile: C:\Users\RAKESH~1\AppData\L..., moz:shutdownTimeout: 60000, moz:useNonSpecCompliantPointerOrigin: false, moz:webdriverClick: true, moz:windowless: false, pageLoadStrategy: normal, platformName: WINDOWS, proxy: Proxy(), se:cdp: ws://127.0.0.1:28101/devtoo..., se:cdpVersion: 85.0, setWindowRect: true, strictFileInteractability: false, timeouts: {implicit: 0, pageLoad: 300000, script: 30000}, unhandledPromptBehavior: dismiss and notify}
Session ID: 417a7cbf-a862-429e-bfc7-c2e8fd6780ff
at org.openqa.selenium.remote.codec.w3c.W3CHttpResponseCodec.createException(W3CHttpResponseCodec.java:200)
at org.openqa.selenium.remote.codec.w3c.W3CHttpResponseCodec.decode(W3CHttpResponseCodec.java:133)
at org.openqa.selenium.remote.codec.w3c.W3CHttpResponseCodec.decode(W3CHttpResponseCodec.java:53)
at org.openqa.selenium.remote.HttpCommandExecutor.execute(HttpCommandExecutor.java:184)
at org.openqa.selenium.remote.service.DriverCommandExecutor.invokeExecute(DriverCommandExecutor.java:167)
at org.openqa.selenium.remote.service.DriverCommandExecutor.execute(DriverCommandExecutor.java:142)
at org.openqa.selenium.remote.RemoteWebDriver.execute(RemoteWebDriver.java:535)
at org.openqa.selenium.remote.ElementLocation$ElementFinder$2.findElement(ElementLocation.java:162)
at org.openqa.selenium.remote.ElementLocation.findElement(ElementLocation.java:60)
at org.openqa.selenium.remote.RemoteWebDriver.findElement(RemoteWebDriver.java:351)
at org.openqa.selenium.remote.RemoteWebDriver.findElement(RemoteWebDriver.java:343)
at com.sysmatech.TestCases.Tc_LoginDDT_002.loginDDT(Tc_LoginDDT_002.java:22)
at java.base/java.util.ArrayList.forEach(ArrayList.java:1511)
... Removed 28 stack frames]]>
    </failure>
  </testcase> <!-- loginDDT -->
  <testcase classname="com.sysmatech.TestCases.Tc_LoginDDT_002" name="loginDDT" time="14.782">
    <failure type="org.openqa.selenium.NoSuchElementException" message="Unable to locate element: /html/body/div[1]/header/nav/div[2]/ul/li[9]/a
For documentation on this error, please visit: https://selenium.dev/exceptions/#no_such_element
Build info: version: &amp;apos;4.7.2&amp;apos;, revision: &amp;apos;4d4020c3b7&amp;apos;
System info: os.name: &amp;apos;Windows 10&amp;apos;, os.arch: &amp;apos;amd64&amp;apos;, os.version: &amp;apos;10.0&amp;apos;, java.version: &amp;apos;19.0.2&amp;apos;
Driver info: org.openqa.selenium.firefox.FirefoxDriver
Command: [417a7cbf-a862-429e-bfc7-c2e8fd6780ff, findElement {using=xpath, value=/html/body/div[1]/header/nav/div[2]/ul/li[9]/a}]
Capabilities {acceptInsecureCerts: true, browserName: firefox, browserVersion: 109.0, moz:accessibilityChecks: false, moz:buildID: 20230112150232, moz:debuggerAddress: 127.0.0.1:28101, moz:geckodriverVersion: 0.32.0, moz:headless: false, moz:platformVersion: 10.0, moz:processID: 10676, moz:profile: C:\Users\RAKESH~1\AppData\L..., moz:shutdownTimeout: 60000, moz:useNonSpecCompliantPointerOrigin: false, moz:webdriverClick: true, moz:windowless: false, pageLoadStrategy: normal, platformName: WINDOWS, proxy: Proxy(), se:cdp: ws://127.0.0.1:28101/devtoo..., se:cdpVersion: 85.0, setWindowRect: true, strictFileInteractability: false, timeouts: {implicit: 0, pageLoad: 300000, script: 30000}, unhandledPromptBehavior: dismiss and notify}
Session ID: 417a7cbf-a862-429e-bfc7-c2e8fd6780ff">
      <![CDATA[org.openqa.selenium.NoSuchElementException: Unable to locate element: /html/body/div[1]/header/nav/div[2]/ul/li[9]/a
For documentation on this error, please visit: https://selenium.dev/exceptions/#no_such_element
Build info: version: '4.7.2', revision: '4d4020c3b7'
System info: os.name: 'Windows 10', os.arch: 'amd64', os.version: '10.0', java.version: '19.0.2'
Driver info: org.openqa.selenium.firefox.FirefoxDriver
Command: [417a7cbf-a862-429e-bfc7-c2e8fd6780ff, findElement {using=xpath, value=/html/body/div[1]/header/nav/div[2]/ul/li[9]/a}]
Capabilities {acceptInsecureCerts: true, browserName: firefox, browserVersion: 109.0, moz:accessibilityChecks: false, moz:buildID: 20230112150232, moz:debuggerAddress: 127.0.0.1:28101, moz:geckodriverVersion: 0.32.0, moz:headless: false, moz:platformVersion: 10.0, moz:processID: 10676, moz:profile: C:\Users\RAKESH~1\AppData\L..., moz:shutdownTimeout: 60000, moz:useNonSpecCompliantPointerOrigin: false, moz:webdriverClick: true, moz:windowless: false, pageLoadStrategy: normal, platformName: WINDOWS, proxy: Proxy(), se:cdp: ws://127.0.0.1:28101/devtoo..., se:cdpVersion: 85.0, setWindowRect: true, strictFileInteractability: false, timeouts: {implicit: 0, pageLoad: 300000, script: 30000}, unhandledPromptBehavior: dismiss and notify}
Session ID: 417a7cbf-a862-429e-bfc7-c2e8fd6780ff
at org.openqa.selenium.remote.codec.w3c.W3CHttpResponseCodec.createException(W3CHttpResponseCodec.java:200)
at org.openqa.selenium.remote.codec.w3c.W3CHttpResponseCodec.decode(W3CHttpResponseCodec.java:133)
at org.openqa.selenium.remote.codec.w3c.W3CHttpResponseCodec.decode(W3CHttpResponseCodec.java:53)
at org.openqa.selenium.remote.HttpCommandExecutor.execute(HttpCommandExecutor.java:184)
at org.openqa.selenium.remote.service.DriverCommandExecutor.invokeExecute(DriverCommandExecutor.java:167)
at org.openqa.selenium.remote.service.DriverCommandExecutor.execute(DriverCommandExecutor.java:142)
at org.openqa.selenium.remote.RemoteWebDriver.execute(RemoteWebDriver.java:535)
at org.openqa.selenium.remote.ElementLocation$ElementFinder$2.findElement(ElementLocation.java:162)
at org.openqa.selenium.remote.ElementLocation.findElement(ElementLocation.java:60)
at org.openqa.selenium.remote.RemoteWebDriver.findElement(RemoteWebDriver.java:351)
at org.openqa.selenium.remote.RemoteWebDriver.findElement(RemoteWebDriver.java:343)
at com.sysmatech.TestCases.Tc_LoginDDT_002.loginDDT(Tc_LoginDDT_002.java:22)
at java.base/java.util.ArrayList.forEach(ArrayList.java:1511)
... Removed 28 stack frames]]>
    </failure>
  </testcase> <!-- loginDDT -->
  <testcase classname="com.sysmatech.TestCases.Tc_LoginDDT_002" name="loginDDT" time="14.99">
    <failure type="org.openqa.selenium.NoSuchElementException" message="Unable to locate element: /html/body/div[1]/header/nav/div[2]/ul/li[9]/a
For documentation on this error, please visit: https://selenium.dev/exceptions/#no_such_element
Build info: version: &amp;apos;4.7.2&amp;apos;, revision: &amp;apos;4d4020c3b7&amp;apos;
System info: os.name: &amp;apos;Windows 10&amp;apos;, os.arch: &amp;apos;amd64&amp;apos;, os.version: &amp;apos;10.0&amp;apos;, java.version: &amp;apos;19.0.2&amp;apos;
Driver info: org.openqa.selenium.firefox.FirefoxDriver
Command: [417a7cbf-a862-429e-bfc7-c2e8fd6780ff, findElement {using=xpath, value=/html/body/div[1]/header/nav/div[2]/ul/li[9]/a}]
Capabilities {acceptInsecureCerts: true, browserName: firefox, browserVersion: 109.0, moz:accessibilityChecks: false, moz:buildID: 20230112150232, moz:debuggerAddress: 127.0.0.1:28101, moz:geckodriverVersion: 0.32.0, moz:headless: false, moz:platformVersion: 10.0, moz:processID: 10676, moz:profile: C:\Users\RAKESH~1\AppData\L..., moz:shutdownTimeout: 60000, moz:useNonSpecCompliantPointerOrigin: false, moz:webdriverClick: true, moz:windowless: false, pageLoadStrategy: normal, platformName: WINDOWS, proxy: Proxy(), se:cdp: ws://127.0.0.1:28101/devtoo..., se:cdpVersion: 85.0, setWindowRect: true, strictFileInteractability: false, timeouts: {implicit: 0, pageLoad: 300000, script: 30000}, unhandledPromptBehavior: dismiss and notify}
Session ID: 417a7cbf-a862-429e-bfc7-c2e8fd6780ff">
      <![CDATA[org.openqa.selenium.NoSuchElementException: Unable to locate element: /html/body/div[1]/header/nav/div[2]/ul/li[9]/a
For documentation on this error, please visit: https://selenium.dev/exceptions/#no_such_element
Build info: version: '4.7.2', revision: '4d4020c3b7'
System info: os.name: 'Windows 10', os.arch: 'amd64', os.version: '10.0', java.version: '19.0.2'
Driver info: org.openqa.selenium.firefox.FirefoxDriver
Command: [417a7cbf-a862-429e-bfc7-c2e8fd6780ff, findElement {using=xpath, value=/html/body/div[1]/header/nav/div[2]/ul/li[9]/a}]
Capabilities {acceptInsecureCerts: true, browserName: firefox, browserVersion: 109.0, moz:accessibilityChecks: false, moz:buildID: 20230112150232, moz:debuggerAddress: 127.0.0.1:28101, moz:geckodriverVersion: 0.32.0, moz:headless: false, moz:platformVersion: 10.0, moz:processID: 10676, moz:profile: C:\Users\RAKESH~1\AppData\L..., moz:shutdownTimeout: 60000, moz:useNonSpecCompliantPointerOrigin: false, moz:webdriverClick: true, moz:windowless: false, pageLoadStrategy: normal, platformName: WINDOWS, proxy: Proxy(), se:cdp: ws://127.0.0.1:28101/devtoo..., se:cdpVersion: 85.0, setWindowRect: true, strictFileInteractability: false, timeouts: {implicit: 0, pageLoad: 300000, script: 30000}, unhandledPromptBehavior: dismiss and notify}
Session ID: 417a7cbf-a862-429e-bfc7-c2e8fd6780ff
at org.openqa.selenium.remote.codec.w3c.W3CHttpResponseCodec.createException(W3CHttpResponseCodec.java:200)
at org.openqa.selenium.remote.codec.w3c.W3CHttpResponseCodec.decode(W3CHttpResponseCodec.java:133)
at org.openqa.selenium.remote.codec.w3c.W3CHttpResponseCodec.decode(W3CHttpResponseCodec.java:53)
at org.openqa.selenium.remote.HttpCommandExecutor.execute(HttpCommandExecutor.java:184)
at org.openqa.selenium.remote.service.DriverCommandExecutor.invokeExecute(DriverCommandExecutor.java:167)
at org.openqa.selenium.remote.service.DriverCommandExecutor.execute(DriverCommandExecutor.java:142)
at org.openqa.selenium.remote.RemoteWebDriver.execute(RemoteWebDriver.java:535)
at org.openqa.selenium.remote.ElementLocation$ElementFinder$2.findElement(ElementLocation.java:162)
at org.openqa.selenium.remote.ElementLocation.findElement(ElementLocation.java:60)
at org.openqa.selenium.remote.RemoteWebDriver.findElement(RemoteWebDriver.java:351)
at org.openqa.selenium.remote.RemoteWebDriver.findElement(RemoteWebDriver.java:343)
at com.sysmatech.TestCases.Tc_LoginDDT_002.loginDDT(Tc_LoginDDT_002.java:22)
at java.base/java.util.ArrayList.forEach(ArrayList.java:1511)
... Removed 28 stack frames]]>
    </failure>
  </testcase> <!-- loginDDT -->
  <testcase classname="com.sysmatech.TestCases.Tc_LoginDDT_002" name="loginDDT" time="14.822">
    <failure type="org.openqa.selenium.NoSuchElementException" message="Unable to locate element: /html/body/div[1]/header/nav/div[2]/ul/li[9]/a
For documentation on this error, please visit: https://selenium.dev/exceptions/#no_such_element
Build info: version: &amp;apos;4.7.2&amp;apos;, revision: &amp;apos;4d4020c3b7&amp;apos;
System info: os.name: &amp;apos;Windows 10&amp;apos;, os.arch: &amp;apos;amd64&amp;apos;, os.version: &amp;apos;10.0&amp;apos;, java.version: &amp;apos;19.0.2&amp;apos;
Driver info: org.openqa.selenium.firefox.FirefoxDriver
Command: [417a7cbf-a862-429e-bfc7-c2e8fd6780ff, findElement {using=xpath, value=/html/body/div[1]/header/nav/div[2]/ul/li[9]/a}]
Capabilities {acceptInsecureCerts: true, browserName: firefox, browserVersion: 109.0, moz:accessibilityChecks: false, moz:buildID: 20230112150232, moz:debuggerAddress: 127.0.0.1:28101, moz:geckodriverVersion: 0.32.0, moz:headless: false, moz:platformVersion: 10.0, moz:processID: 10676, moz:profile: C:\Users\RAKESH~1\AppData\L..., moz:shutdownTimeout: 60000, moz:useNonSpecCompliantPointerOrigin: false, moz:webdriverClick: true, moz:windowless: false, pageLoadStrategy: normal, platformName: WINDOWS, proxy: Proxy(), se:cdp: ws://127.0.0.1:28101/devtoo..., se:cdpVersion: 85.0, setWindowRect: true, strictFileInteractability: false, timeouts: {implicit: 0, pageLoad: 300000, script: 30000}, unhandledPromptBehavior: dismiss and notify}
Session ID: 417a7cbf-a862-429e-bfc7-c2e8fd6780ff">
      <![CDATA[org.openqa.selenium.NoSuchElementException: Unable to locate element: /html/body/div[1]/header/nav/div[2]/ul/li[9]/a
For documentation on this error, please visit: https://selenium.dev/exceptions/#no_such_element
Build info: version: '4.7.2', revision: '4d4020c3b7'
System info: os.name: 'Windows 10', os.arch: 'amd64', os.version: '10.0', java.version: '19.0.2'
Driver info: org.openqa.selenium.firefox.FirefoxDriver
Command: [417a7cbf-a862-429e-bfc7-c2e8fd6780ff, findElement {using=xpath, value=/html/body/div[1]/header/nav/div[2]/ul/li[9]/a}]
Capabilities {acceptInsecureCerts: true, browserName: firefox, browserVersion: 109.0, moz:accessibilityChecks: false, moz:buildID: 20230112150232, moz:debuggerAddress: 127.0.0.1:28101, moz:geckodriverVersion: 0.32.0, moz:headless: false, moz:platformVersion: 10.0, moz:processID: 10676, moz:profile: C:\Users\RAKESH~1\AppData\L..., moz:shutdownTimeout: 60000, moz:useNonSpecCompliantPointerOrigin: false, moz:webdriverClick: true, moz:windowless: false, pageLoadStrategy: normal, platformName: WINDOWS, proxy: Proxy(), se:cdp: ws://127.0.0.1:28101/devtoo..., se:cdpVersion: 85.0, setWindowRect: true, strictFileInteractability: false, timeouts: {implicit: 0, pageLoad: 300000, script: 30000}, unhandledPromptBehavior: dismiss and notify}
Session ID: 417a7cbf-a862-429e-bfc7-c2e8fd6780ff
at org.openqa.selenium.remote.codec.w3c.W3CHttpResponseCodec.createException(W3CHttpResponseCodec.java:200)
at org.openqa.selenium.remote.codec.w3c.W3CHttpResponseCodec.decode(W3CHttpResponseCodec.java:133)
at org.openqa.selenium.remote.codec.w3c.W3CHttpResponseCodec.decode(W3CHttpResponseCodec.java:53)
at org.openqa.selenium.remote.HttpCommandExecutor.execute(HttpCommandExecutor.java:184)
at org.openqa.selenium.remote.service.DriverCommandExecutor.invokeExecute(DriverCommandExecutor.java:167)
at org.openqa.selenium.remote.service.DriverCommandExecutor.execute(DriverCommandExecutor.java:142)
at org.openqa.selenium.remote.RemoteWebDriver.execute(RemoteWebDriver.java:535)
at org.openqa.selenium.remote.ElementLocation$ElementFinder$2.findElement(ElementLocation.java:162)
at org.openqa.selenium.remote.ElementLocation.findElement(ElementLocation.java:60)
at org.openqa.selenium.remote.RemoteWebDriver.findElement(RemoteWebDriver.java:351)
at org.openqa.selenium.remote.RemoteWebDriver.findElement(RemoteWebDriver.java:343)
at com.sysmatech.TestCases.Tc_LoginDDT_002.loginDDT(Tc_LoginDDT_002.java:22)
at java.base/java.util.ArrayList.forEach(ArrayList.java:1511)
... Removed 28 stack frames]]>
    </failure>
  </testcase> <!-- loginDDT -->
</testsuite> <!-- Test -->
