<?xml version="1.0" encoding="UTF-8"?>
<!-- Generated by org.testng.reporters.JUnitXMLReporter -->
<testsuite ignored="0" hostname="LAPTOP-C0MR8N4T" failures="0" tests="4" name="sysmatechTest" time="129.518" errors="0" timestamp="2023-04-11T14:04:33 IST">
  <testcase classname="com.sysmatech.TestCases.Tc_Settings_ManufacturerCreate_005" name="Manufacture1" time="30.92"/>
  <testcase classname="com.sysmatech.TestCases.Tc_Settings_ManufacturerCreate_005" name="Manufacture1" time="24.504"/>
  <testcase classname="com.sysmatech.TestCases.Tc_Settings_ManufacturerCreate_005" name="Manufacture1" time="23.522"/>
  <testcase classname="com.sysmatech.TestCases.Tc_Settings_ManufacturerUpdate_007" name="ManufacturerUpdate" time="32.914"/>
</testsuite> <!-- sysmatechTest -->
