<?xml version="1.0" encoding="UTF-8"?>
<!-- Generated by org.testng.reporters.JUnitXMLReporter -->
<testsuite ignored="0" hostname="LAPTOP-C0MR8N4T" failures="0" tests="2" name="sysmatechTest(failed)(failed)(failed)(failed)" time="40.332" errors="0" timestamp="2023-03-31T15:55:18 IST">
  <testcase classname="com.sysmatech.TestCases.Tc_SettingManufacturerViewDelete_029" name="ManufactureViewDelete" time="17.732"/>
  <testcase classname="com.sysmatech.TestCases.Tc_SettingManufacturerViewDelete_029" name="ManufacturerViewdelete2" time="16.901"/>
</testsuite> <!-- sysmatechTest(failed)(failed)(failed)(failed) -->
