<?xml version="1.0" encoding="UTF-8"?>
<!-- Generated by org.testng.reporters.JUnitXMLReporter -->
<testsuite ignored="0" hostname="DESKTOP-1OGJN64" failures="2" tests="2" name="sysmatechTest(failed)(failed)(failed)(failed)" time="66.157" errors="0" timestamp="2023-02-10T00:44:31 GMT-05:00">
  <testcase classname="com.sysmatech.TestCases.Tc_CreateAssetEdit_007" name="Edit" time="18.229">
    <failure type="org.openqa.selenium.ElementClickInterceptedException" message="Element &amp;lt;i class=&amp;quot;fa fa-check icon-white&amp;quot;&amp;gt; is not clickable at point (1045,635) because another element &amp;lt;div class=&amp;quot;phpdebugbar-header-right&amp;quot;&amp;gt; obscures it
Build info: version: &amp;apos;4.7.2&amp;apos;, revision: &amp;apos;4d4020c3b7&amp;apos;
System info: os.name: &amp;apos;Windows 10&amp;apos;, os.arch: &amp;apos;amd64&amp;apos;, os.version: &amp;apos;10.0&amp;apos;, java.version: &amp;apos;19.0.2&amp;apos;
Driver info: org.openqa.selenium.firefox.FirefoxDriver
Command: [b485d7f8-71bc-42b3-8a93-a2f53a302f15, clickElement {id=c36dfedf-139e-4adc-b76c-90c812c0d6ab}]
Capabilities {acceptInsecureCerts: true, browserName: firefox, browserVersion: 109.0.1, moz:accessibilityChecks: false, moz:buildID: 20230127170202, moz:debuggerAddress: 127.0.0.1:28740, moz:geckodriverVersion: 0.32.2, moz:headless: false, moz:platformVersion: 10.0, moz:processID: 4308, moz:profile: C:\Users\RAKESH~1\AppData\L..., moz:shutdownTimeout: 60000, moz:useNonSpecCompliantPointerOrigin: false, moz:webdriverClick: true, moz:windowless: false, pageLoadStrategy: normal, platformName: WINDOWS, proxy: Proxy(), se:cdp: ws://127.0.0.1:28740/devtoo..., se:cdpVersion: 85.0, setWindowRect: true, strictFileInteractability: false, timeouts: {implicit: 0, pageLoad: 300000, script: 30000}, unhandledPromptBehavior: dismiss and notify}
Element: [[FirefoxDriver: firefox on WINDOWS (b485d7f8-71bc-42b3-8a93-a2f53a302f15)] -&amp;gt; xpath: (//i[@class=&amp;apos;fa fa-check icon-white&amp;apos;])[2]]
Session ID: b485d7f8-71bc-42b3-8a93-a2f53a302f15">
      <![CDATA[org.openqa.selenium.ElementClickInterceptedException: Element <i class="fa fa-check icon-white"> is not clickable at point (1045,635) because another element <div class="phpdebugbar-header-right"> obscures it
Build info: version: '4.7.2', revision: '4d4020c3b7'
System info: os.name: 'Windows 10', os.arch: 'amd64', os.version: '10.0', java.version: '19.0.2'
Driver info: org.openqa.selenium.firefox.FirefoxDriver
Command: [b485d7f8-71bc-42b3-8a93-a2f53a302f15, clickElement {id=c36dfedf-139e-4adc-b76c-90c812c0d6ab}]
Capabilities {acceptInsecureCerts: true, browserName: firefox, browserVersion: 109.0.1, moz:accessibilityChecks: false, moz:buildID: 20230127170202, moz:debuggerAddress: 127.0.0.1:28740, moz:geckodriverVersion: 0.32.2, moz:headless: false, moz:platformVersion: 10.0, moz:processID: 4308, moz:profile: C:\Users\RAKESH~1\AppData\L..., moz:shutdownTimeout: 60000, moz:useNonSpecCompliantPointerOrigin: false, moz:webdriverClick: true, moz:windowless: false, pageLoadStrategy: normal, platformName: WINDOWS, proxy: Proxy(), se:cdp: ws://127.0.0.1:28740/devtoo..., se:cdpVersion: 85.0, setWindowRect: true, strictFileInteractability: false, timeouts: {implicit: 0, pageLoad: 300000, script: 30000}, unhandledPromptBehavior: dismiss and notify}
Element: [[FirefoxDriver: firefox on WINDOWS (b485d7f8-71bc-42b3-8a93-a2f53a302f15)] -> xpath: (//i[@class='fa fa-check icon-white'])[2]]
Session ID: b485d7f8-71bc-42b3-8a93-a2f53a302f15
at org.openqa.selenium.remote.codec.w3c.W3CHttpResponseCodec.createException(W3CHttpResponseCodec.java:200)
at org.openqa.selenium.remote.codec.w3c.W3CHttpResponseCodec.decode(W3CHttpResponseCodec.java:133)
at org.openqa.selenium.remote.codec.w3c.W3CHttpResponseCodec.decode(W3CHttpResponseCodec.java:53)
at org.openqa.selenium.remote.HttpCommandExecutor.execute(HttpCommandExecutor.java:184)
at org.openqa.selenium.remote.service.DriverCommandExecutor.invokeExecute(DriverCommandExecutor.java:167)
at org.openqa.selenium.remote.service.DriverCommandExecutor.execute(DriverCommandExecutor.java:142)
at org.openqa.selenium.remote.RemoteWebDriver.execute(RemoteWebDriver.java:535)
at org.openqa.selenium.remote.RemoteWebElement.execute(RemoteWebElement.java:257)
at org.openqa.selenium.remote.RemoteWebElement.click(RemoteWebElement.java:78)
at org.openqa.selenium.support.pagefactory.internal.LocatingElementHandler.invoke(LocatingElementHandler.java:52)
at jdk.proxy2/jdk.proxy2.$Proxy21.click(Unknown Source)
at com.sysmatech.PageObject.CreateAssetEditPage.SetSaveButton(CreateAssetEditPage.java:79)
at com.sysmatech.TestCases.Tc_CreateAssetEdit_007.Edit(Tc_CreateAssetEdit_007.java:23)
at java.base/java.util.ArrayList.forEach(ArrayList.java:1511)
... Removed 30 stack frames]]>
    </failure>
  </testcase> <!-- Edit -->
  <testcase classname="com.sysmatech.TestCases.Tc_CreateAsset_004" name="CreateAssert" time="32.274">
    <failure type="org.openqa.selenium.ElementClickInterceptedException" message="Element &amp;lt;span id=&amp;quot;select2-rtd_location_id_location_select-container&amp;quot; class=&amp;quot;select2-selection__rendered needsclick&amp;quot;&amp;gt; is not clickable at point (699,628) because another element &amp;lt;span class=&amp;quot;phpdebugbar-text&amp;quot;&amp;gt; obscures it
Build info: version: &amp;apos;4.7.2&amp;apos;, revision: &amp;apos;4d4020c3b7&amp;apos;
System info: os.name: &amp;apos;Windows 10&amp;apos;, os.arch: &amp;apos;amd64&amp;apos;, os.version: &amp;apos;10.0&amp;apos;, java.version: &amp;apos;19.0.2&amp;apos;
Driver info: org.openqa.selenium.firefox.FirefoxDriver
Command: [f2f68d85-e1ec-4d8c-9529-a5761bdd334b, clickElement {id=56330bd8-a6de-483d-9aa8-8b64e1af1679}]
Capabilities {acceptInsecureCerts: true, browserName: firefox, browserVersion: 109.0.1, moz:accessibilityChecks: false, moz:buildID: 20230127170202, moz:debuggerAddress: 127.0.0.1:32885, moz:geckodriverVersion: 0.32.2, moz:headless: false, moz:platformVersion: 10.0, moz:processID: 9312, moz:profile: C:\Users\RAKESH~1\AppData\L..., moz:shutdownTimeout: 60000, moz:useNonSpecCompliantPointerOrigin: false, moz:webdriverClick: true, moz:windowless: false, pageLoadStrategy: normal, platformName: WINDOWS, proxy: Proxy(), se:cdp: ws://127.0.0.1:32885/devtoo..., se:cdpVersion: 85.0, setWindowRect: true, strictFileInteractability: false, timeouts: {implicit: 0, pageLoad: 300000, script: 30000}, unhandledPromptBehavior: dismiss and notify}
Element: [[FirefoxDriver: firefox on WINDOWS (f2f68d85-e1ec-4d8c-9529-a5761bdd334b)] -&amp;gt; xpath: //span[@class=&amp;apos;select2-selection__rendered needsclick&amp;apos;][contains(@id,&amp;apos;select-container&amp;apos;)][contains(.,&amp;apos;Select a Location&amp;apos;)]]
Session ID: f2f68d85-e1ec-4d8c-9529-a5761bdd334b">
      <![CDATA[org.openqa.selenium.ElementClickInterceptedException: Element <span id="select2-rtd_location_id_location_select-container" class="select2-selection__rendered needsclick"> is not clickable at point (699,628) because another element <span class="phpdebugbar-text"> obscures it
Build info: version: '4.7.2', revision: '4d4020c3b7'
System info: os.name: 'Windows 10', os.arch: 'amd64', os.version: '10.0', java.version: '19.0.2'
Driver info: org.openqa.selenium.firefox.FirefoxDriver
Command: [f2f68d85-e1ec-4d8c-9529-a5761bdd334b, clickElement {id=56330bd8-a6de-483d-9aa8-8b64e1af1679}]
Capabilities {acceptInsecureCerts: true, browserName: firefox, browserVersion: 109.0.1, moz:accessibilityChecks: false, moz:buildID: 20230127170202, moz:debuggerAddress: 127.0.0.1:32885, moz:geckodriverVersion: 0.32.2, moz:headless: false, moz:platformVersion: 10.0, moz:processID: 9312, moz:profile: C:\Users\RAKESH~1\AppData\L..., moz:shutdownTimeout: 60000, moz:useNonSpecCompliantPointerOrigin: false, moz:webdriverClick: true, moz:windowless: false, pageLoadStrategy: normal, platformName: WINDOWS, proxy: Proxy(), se:cdp: ws://127.0.0.1:32885/devtoo..., se:cdpVersion: 85.0, setWindowRect: true, strictFileInteractability: false, timeouts: {implicit: 0, pageLoad: 300000, script: 30000}, unhandledPromptBehavior: dismiss and notify}
Element: [[FirefoxDriver: firefox on WINDOWS (f2f68d85-e1ec-4d8c-9529-a5761bdd334b)] -> xpath: //span[@class='select2-selection__rendered needsclick'][contains(@id,'select-container')][contains(.,'Select a Location')]]
Session ID: f2f68d85-e1ec-4d8c-9529-a5761bdd334b
at org.openqa.selenium.remote.codec.w3c.W3CHttpResponseCodec.createException(W3CHttpResponseCodec.java:200)
at org.openqa.selenium.remote.codec.w3c.W3CHttpResponseCodec.decode(W3CHttpResponseCodec.java:133)
at org.openqa.selenium.remote.codec.w3c.W3CHttpResponseCodec.decode(W3CHttpResponseCodec.java:53)
at org.openqa.selenium.remote.HttpCommandExecutor.execute(HttpCommandExecutor.java:184)
at org.openqa.selenium.remote.service.DriverCommandExecutor.invokeExecute(DriverCommandExecutor.java:167)
at org.openqa.selenium.remote.service.DriverCommandExecutor.execute(DriverCommandExecutor.java:142)
at org.openqa.selenium.remote.RemoteWebDriver.execute(RemoteWebDriver.java:535)
at org.openqa.selenium.remote.RemoteWebElement.execute(RemoteWebElement.java:257)
at org.openqa.selenium.remote.RemoteWebElement.click(RemoteWebElement.java:78)
at org.openqa.selenium.support.pagefactory.internal.LocatingElementHandler.invoke(LocatingElementHandler.java:52)
at jdk.proxy2/jdk.proxy2.$Proxy21.click(Unknown Source)
at com.sysmatech.PageObject.CreateAssetPage.setSelectLocation(CreateAssetPage.java:236)
at com.sysmatech.TestCases.Tc_CreateAsset_004.CreateAssert(Tc_CreateAsset_004.java:60)
at java.base/java.util.ArrayList.forEach(ArrayList.java:1511)
... Removed 30 stack frames]]>
    </failure>
  </testcase> <!-- CreateAssert -->
</testsuite> <!-- sysmatechTest(failed)(failed)(failed)(failed) -->
