<?xml version="1.0" encoding="UTF-8"?>
<testng-results ignored="0" total="15" passed="14" failed="1" skipped="0">
  <reporter-output>
  </reporter-output>
  <suite started-at="2023-04-12T17:50:50 IST" name="sysmatechSuite" finished-at="2023-04-12T18:02:04 IST" duration-ms="674035">
    <groups>
    </groups>
    <test started-at="2023-04-12T17:50:50 IST" name="sysmatechTest" finished-at="2023-04-12T18:02:04 IST" duration-ms="674035">
      <class name="com.sysmatech.TestCases.Tc_Settings_WorkOrder_CategoriesCreate_058">
        <test-method is-config="true" signature="setUp(java.lang.String)[pri:0, instance:com.sysmatech.TestCases.Tc_Settings_WorkOrder_CategoriesCreate_058@2f9f7dcf]" started-at="2023-04-12T17:59:15 IST" name="setUp" finished-at="2023-04-12T17:59:20 IST" duration-ms="5548" status="PASS">
          <params>
            <param index="0">
              <value>
                <![CDATA[chrome]]>
              </value>
            </param>
          </params>
          <reporter-output>
          </reporter-output>
        </test-method> <!-- setUp -->
        <test-method signature="WOCategories1()[pri:1, instance:com.sysmatech.TestCases.Tc_Settings_WorkOrder_CategoriesCreate_058@2f9f7dcf]" started-at="2023-04-12T17:59:20 IST" name="WOCategories1" finished-at="2023-04-12T18:00:08 IST" duration-ms="47493" status="PASS">
          <reporter-output>
          </reporter-output>
        </test-method> <!-- WOCategories1 -->
        <test-method signature="WOCategories2()[pri:2, instance:com.sysmatech.TestCases.Tc_Settings_WorkOrder_CategoriesCreate_058@2f9f7dcf]" started-at="2023-04-12T18:00:08 IST" name="WOCategories2" finished-at="2023-04-12T18:00:38 IST" duration-ms="30561" status="PASS">
          <reporter-output>
          </reporter-output>
        </test-method> <!-- WOCategories2 -->
        <test-method is-config="true" signature="tearDown()[pri:0, instance:com.sysmatech.TestCases.Tc_Settings_WorkOrder_CategoriesCreate_058@2f9f7dcf]" started-at="2023-04-12T18:00:38 IST" name="tearDown" finished-at="2023-04-12T18:00:39 IST" duration-ms="578" status="PASS">
          <reporter-output>
          </reporter-output>
        </test-method> <!-- tearDown -->
      </class> <!-- com.sysmatech.TestCases.Tc_Settings_WorkOrder_CategoriesCreate_058 -->
      <class name="com.sysmatech.TestCases.Tc_Asset_Delete_037">
        <test-method is-config="true" signature="setUp(java.lang.String)[pri:0, instance:com.sysmatech.TestCases.Tc_Asset_Delete_037@6069db50]" started-at="2023-04-12T17:53:46 IST" name="setUp" finished-at="2023-04-12T17:53:52 IST" duration-ms="6059" status="PASS">
          <params>
            <param index="0">
              <value>
                <![CDATA[chrome]]>
              </value>
            </param>
          </params>
          <reporter-output>
          </reporter-output>
        </test-method> <!-- setUp -->
        <test-method signature="AssetDelete()[pri:1, instance:com.sysmatech.TestCases.Tc_Asset_Delete_037@6069db50]" started-at="2023-04-12T17:53:52 IST" name="AssetDelete" finished-at="2023-04-12T17:54:28 IST" duration-ms="35823" status="PASS">
          <reporter-output>
          </reporter-output>
        </test-method> <!-- AssetDelete -->
        <test-method is-config="true" signature="tearDown()[pri:0, instance:com.sysmatech.TestCases.Tc_Asset_Delete_037@6069db50]" started-at="2023-04-12T17:54:28 IST" name="tearDown" finished-at="2023-04-12T17:54:28 IST" duration-ms="698" status="PASS">
          <reporter-output>
          </reporter-output>
        </test-method> <!-- tearDown -->
      </class> <!-- com.sysmatech.TestCases.Tc_Asset_Delete_037 -->
      <class name="com.sysmatech.TestCases.Tc_Asset_Create_034">
        <test-method is-config="true" signature="setUp(java.lang.String)[pri:0, instance:com.sysmatech.TestCases.Tc_Asset_Create_034@2b662a77]" started-at="2023-04-12T17:50:50 IST" name="setUp" finished-at="2023-04-12T17:50:58 IST" duration-ms="8589" status="PASS">
          <params>
            <param index="0">
              <value>
                <![CDATA[chrome]]>
              </value>
            </param>
          </params>
          <reporter-output>
          </reporter-output>
        </test-method> <!-- setUp -->
        <test-method signature="CreateAssert(java.lang.String,java.lang.String,java.lang.String,java.lang.String,java.lang.String,java.lang.String,java.lang.String,java.lang.String,java.lang.String,java.lang.String,java.lang.String,java.lang.String,java.lang.String)[pri:1, instance:com.sysmatech.TestCases.Tc_Asset_Create_034@2b662a77]" started-at="2023-04-12T17:51:02 IST" name="CreateAssert" data-provider="LoginData12" finished-at="2023-04-12T17:51:55 IST" duration-ms="52664" status="PASS">
          <params>
            <param index="0">
              <value>
                <![CDATA[Rakesh11]]>
              </value>
            </param>
            <param index="1">
              <value>
                <![CDATA[us-9876]]>
              </value>
            </param>
            <param index="2">
              <value>
                <![CDATA[7865]]>
              </value>
            </param>
            <param index="3">
              <value>
                <![CDATA[AutomationModel]]>
              </value>
            </param>
            <param index="4">
              <value>
                <![CDATA[Ready to Deploy]]>
              </value>
            </param>
            <param index="5">
              <value>
                <![CDATA[AutomationAsset]]>
              </value>
            </param>
            <param index="6">
              <value>
                <![CDATA[19-Jan-23]]>
              </value>
            </param>
            <param index="7">
              <value>
                <![CDATA[AutomationSupplier]]>
              </value>
            </param>
            <param index="8">
              <value>
                <![CDATA[1234]]>
              </value>
            </param>
            <param index="9">
              <value>
                <![CDATA[35000]]>
              </value>
            </param>
            <param index="10">
              <value>
                <![CDATA[6]]>
              </value>
            </param>
            <param index="11">
              <value>
                <![CDATA[…..]]>
              </value>
            </param>
            <param index="12">
              <value>
                <![CDATA[Parola]]>
              </value>
            </param>
          </params>
          <reporter-output>
          </reporter-output>
        </test-method> <!-- CreateAssert -->
        <test-method is-config="true" signature="tearDown()[pri:0, instance:com.sysmatech.TestCases.Tc_Asset_Create_034@2b662a77]" started-at="2023-04-12T17:51:55 IST" name="tearDown" finished-at="2023-04-12T17:51:55 IST" duration-ms="753" status="PASS">
          <reporter-output>
          </reporter-output>
        </test-method> <!-- tearDown -->
      </class> <!-- com.sysmatech.TestCases.Tc_Asset_Create_034 -->
      <class name="com.sysmatech.TestCases.Tc_Asset_BulkCheckOut_040">
        <test-method is-config="true" signature="setUp(java.lang.String)[pri:0, instance:com.sysmatech.TestCases.Tc_Asset_BulkCheckOut_040@59662a0b]" started-at="2023-04-12T17:55:48 IST" name="setUp" finished-at="2023-04-12T17:55:53 IST" duration-ms="4972" status="PASS">
          <params>
            <param index="0">
              <value>
                <![CDATA[chrome]]>
              </value>
            </param>
          </params>
          <reporter-output>
          </reporter-output>
        </test-method> <!-- setUp -->
        <test-method signature="BulkCheckout()[pri:0, instance:com.sysmatech.TestCases.Tc_Asset_BulkCheckOut_040@59662a0b]" started-at="2023-04-12T17:55:53 IST" name="BulkCheckout" finished-at="2023-04-12T17:56:34 IST" duration-ms="41604" status="FAIL">
          <exception class="org.openqa.selenium.NoSuchWindowException">
            <message>
              <![CDATA[no such window: target window already closed
from unknown error: web view not found
  (Session info: chrome=111.0.5563.148)
Build info: version: '4.7.2', revision: '4d4020c3b7'
System info: os.name: 'Windows 10', os.arch: 'amd64', os.version: '10.0', java.version: '17'
Driver info: org.openqa.selenium.chrome.ChromeDriver
Command: [6fa2a13113833ab17d7f13e6c02d5d48, findElement {using=xpath, value=(//span[@role='presentation'])[1]}]
Capabilities {acceptInsecureCerts: false, browserName: chrome, browserVersion: 111.0.5563.148, chrome: {chromedriverVersion: 111.0.5563.64 (c710e93d5b63..., userDataDir: C:\Users\rakesh\AppData\Loc...}, goog:chromeOptions: {debuggerAddress: localhost:55963}, networkConnectionEnabled: false, pageLoadStrategy: normal, platformName: WINDOWS, proxy: Proxy(), se:cdp: ws://localhost:55963/devtoo..., se:cdpVersion: 111.0.5563.148, setWindowRect: true, strictFileInteractability: false, timeouts: {implicit: 0, pageLoad: 300000, script: 30000}, unhandledPromptBehavior: dismiss and notify, webauthn:extension:credBlob: true, webauthn:extension:largeBlob: true, webauthn:extension:minPinLength: true, webauthn:extension:prf: true, webauthn:virtualAuthenticators: true}
Session ID: 6fa2a13113833ab17d7f13e6c02d5d48]]>
            </message>
            <full-stacktrace>
              <![CDATA[org.openqa.selenium.NoSuchWindowException: no such window: target window already closed
from unknown error: web view not found
  (Session info: chrome=111.0.5563.148)
Build info: version: '4.7.2', revision: '4d4020c3b7'
System info: os.name: 'Windows 10', os.arch: 'amd64', os.version: '10.0', java.version: '17'
Driver info: org.openqa.selenium.chrome.ChromeDriver
Command: [6fa2a13113833ab17d7f13e6c02d5d48, findElement {using=xpath, value=(//span[@role='presentation'])[1]}]
Capabilities {acceptInsecureCerts: false, browserName: chrome, browserVersion: 111.0.5563.148, chrome: {chromedriverVersion: 111.0.5563.64 (c710e93d5b63..., userDataDir: C:\Users\rakesh\AppData\Loc...}, goog:chromeOptions: {debuggerAddress: localhost:55963}, networkConnectionEnabled: false, pageLoadStrategy: normal, platformName: WINDOWS, proxy: Proxy(), se:cdp: ws://localhost:55963/devtoo..., se:cdpVersion: 111.0.5563.148, setWindowRect: true, strictFileInteractability: false, timeouts: {implicit: 0, pageLoad: 300000, script: 30000}, unhandledPromptBehavior: dismiss and notify, webauthn:extension:credBlob: true, webauthn:extension:largeBlob: true, webauthn:extension:minPinLength: true, webauthn:extension:prf: true, webauthn:virtualAuthenticators: true}
Session ID: 6fa2a13113833ab17d7f13e6c02d5d48
at java.base/jdk.internal.reflect.NativeConstructorAccessorImpl.newInstance0(Native Method)
at java.base/jdk.internal.reflect.NativeConstructorAccessorImpl.newInstance(NativeConstructorAccessorImpl.java:77)
at java.base/jdk.internal.reflect.DelegatingConstructorAccessorImpl.newInstance(DelegatingConstructorAccessorImpl.java:45)
at java.base/java.lang.reflect.Constructor.newInstanceWithCaller(Constructor.java:499)
at java.base/java.lang.reflect.Constructor.newInstance(Constructor.java:480)
at org.openqa.selenium.remote.codec.w3c.W3CHttpResponseCodec.createException(W3CHttpResponseCodec.java:200)
at org.openqa.selenium.remote.codec.w3c.W3CHttpResponseCodec.decode(W3CHttpResponseCodec.java:133)
at org.openqa.selenium.remote.codec.w3c.W3CHttpResponseCodec.decode(W3CHttpResponseCodec.java:53)
at org.openqa.selenium.remote.HttpCommandExecutor.execute(HttpCommandExecutor.java:184)
at org.openqa.selenium.remote.service.DriverCommandExecutor.invokeExecute(DriverCommandExecutor.java:167)
at org.openqa.selenium.remote.service.DriverCommandExecutor.execute(DriverCommandExecutor.java:142)
at org.openqa.selenium.remote.RemoteWebDriver.execute(RemoteWebDriver.java:535)
at org.openqa.selenium.remote.ElementLocation$ElementFinder$2.findElement(ElementLocation.java:162)
at org.openqa.selenium.remote.ElementLocation.findElement(ElementLocation.java:60)
at org.openqa.selenium.remote.RemoteWebDriver.findElement(RemoteWebDriver.java:351)
at org.openqa.selenium.remote.RemoteWebDriver.findElement(RemoteWebDriver.java:343)
at org.openqa.selenium.support.pagefactory.DefaultElementLocator.findElement(DefaultElementLocator.java:70)
at org.openqa.selenium.support.pagefactory.internal.LocatingElementHandler.invoke(LocatingElementHandler.java:39)
at jdk.proxy2/jdk.proxy2.$Proxy21.click(Unknown Source)
at com.sysmatech.PageObject.Asset_CreateAssetBulkCheckOutPage.setBulkCheckOutBtn(Asset_CreateAssetBulkCheckOutPage.java:83)
at com.sysmatech.TestCases.Tc_Asset_BulkCheckOut_040.BulkCheckout(Tc_Asset_BulkCheckOut_040.java:22)
at java.base/jdk.internal.reflect.NativeMethodAccessorImpl.invoke0(Native Method)
at java.base/jdk.internal.reflect.NativeMethodAccessorImpl.invoke(NativeMethodAccessorImpl.java:77)
at java.base/jdk.internal.reflect.DelegatingMethodAccessorImpl.invoke(DelegatingMethodAccessorImpl.java:43)
at java.base/java.lang.reflect.Method.invoke(Method.java:568)
at org.testng.internal.MethodInvocationHelper.invokeMethod(MethodInvocationHelper.java:133)
at org.testng.internal.TestInvoker.invokeMethod(TestInvoker.java:598)
at org.testng.internal.TestInvoker.invokeTestMethod(TestInvoker.java:173)
at org.testng.internal.MethodRunner.runInSequence(MethodRunner.java:46)
at org.testng.internal.TestInvoker$MethodInvocationAgent.invoke(TestInvoker.java:824)
at org.testng.internal.TestInvoker.invokeTestMethods(TestInvoker.java:146)
at org.testng.internal.TestMethodWorker.invokeTestMethods(TestMethodWorker.java:146)
at org.testng.internal.TestMethodWorker.run(TestMethodWorker.java:128)
at java.base/java.util.ArrayList.forEach(ArrayList.java:1511)
at org.testng.TestRunner.privateRun(TestRunner.java:794)
at org.testng.TestRunner.run(TestRunner.java:596)
at org.testng.SuiteRunner.runTest(SuiteRunner.java:377)
at org.testng.SuiteRunner.runSequentially(SuiteRunner.java:371)
at org.testng.SuiteRunner.privateRun(SuiteRunner.java:332)
at org.testng.SuiteRunner.run(SuiteRunner.java:276)
at org.testng.SuiteRunnerWorker.runSuite(SuiteRunnerWorker.java:53)
at org.testng.SuiteRunnerWorker.run(SuiteRunnerWorker.java:96)
at org.testng.TestNG.runSuitesSequentially(TestNG.java:1212)
at org.testng.TestNG.runSuitesLocally(TestNG.java:1134)
at org.testng.TestNG.runSuites(TestNG.java:1063)
at org.testng.TestNG.run(TestNG.java:1031)
at org.testng.remote.AbstractRemoteTestNG.run(AbstractRemoteTestNG.java:115)
at org.testng.remote.RemoteTestNG.initAndRun(RemoteTestNG.java:251)
at org.testng.remote.RemoteTestNG.main(RemoteTestNG.java:77)
]]>
            </full-stacktrace>
          </exception> <!-- org.openqa.selenium.NoSuchWindowException -->
          <reporter-output>
          </reporter-output>
        </test-method> <!-- BulkCheckout -->
        <test-method is-config="true" signature="tearDown()[pri:0, instance:com.sysmatech.TestCases.Tc_Asset_BulkCheckOut_040@59662a0b]" started-at="2023-04-12T17:56:34 IST" name="tearDown" finished-at="2023-04-12T17:56:35 IST" duration-ms="526" status="PASS">
          <reporter-output>
          </reporter-output>
        </test-method> <!-- tearDown -->
      </class> <!-- com.sysmatech.TestCases.Tc_Asset_BulkCheckOut_040 -->
      <class name="com.sysmatech.TestCases.Tc_Asset_Edit_035">
        <test-method is-config="true" signature="setUp(java.lang.String)[pri:0, instance:com.sysmatech.TestCases.Tc_Asset_Edit_035@49139829]" started-at="2023-04-12T17:51:55 IST" name="setUp" finished-at="2023-04-12T17:52:00 IST" duration-ms="4856" status="PASS">
          <params>
            <param index="0">
              <value>
                <![CDATA[chrome]]>
              </value>
            </param>
          </params>
          <reporter-output>
          </reporter-output>
        </test-method> <!-- setUp -->
        <test-method signature="Edit()[pri:1, instance:com.sysmatech.TestCases.Tc_Asset_Edit_035@49139829]" started-at="2023-04-12T17:52:00 IST" name="Edit" finished-at="2023-04-12T17:52:59 IST" duration-ms="58516" status="PASS">
          <reporter-output>
          </reporter-output>
        </test-method> <!-- Edit -->
        <test-method is-config="true" signature="tearDown()[pri:0, instance:com.sysmatech.TestCases.Tc_Asset_Edit_035@49139829]" started-at="2023-04-12T17:52:59 IST" name="tearDown" finished-at="2023-04-12T17:52:59 IST" duration-ms="607" status="PASS">
          <reporter-output>
          </reporter-output>
        </test-method> <!-- tearDown -->
      </class> <!-- com.sysmatech.TestCases.Tc_Asset_Edit_035 -->
      <class name="com.sysmatech.TestCases.Tc_Settings_WorkOrder_CategoriesUpdate_59">
        <test-method is-config="true" signature="setUp(java.lang.String)[pri:0, instance:com.sysmatech.TestCases.Tc_Settings_WorkOrder_CategoriesUpdate_59@747ddf94]" started-at="2023-04-12T18:00:39 IST" name="setUp" finished-at="2023-04-12T18:00:44 IST" duration-ms="4820" status="PASS">
          <params>
            <param index="0">
              <value>
                <![CDATA[chrome]]>
              </value>
            </param>
          </params>
          <reporter-output>
          </reporter-output>
        </test-method> <!-- setUp -->
        <test-method signature="WOCategoriesUpdate()[pri:1, instance:com.sysmatech.TestCases.Tc_Settings_WorkOrder_CategoriesUpdate_59@747ddf94]" started-at="2023-04-12T18:00:44 IST" name="WOCategoriesUpdate" finished-at="2023-04-12T18:01:21 IST" duration-ms="36693" status="PASS">
          <reporter-output>
          </reporter-output>
        </test-method> <!-- WOCategoriesUpdate -->
        <test-method is-config="true" signature="tearDown()[pri:0, instance:com.sysmatech.TestCases.Tc_Settings_WorkOrder_CategoriesUpdate_59@747ddf94]" started-at="2023-04-12T18:01:21 IST" name="tearDown" finished-at="2023-04-12T18:01:21 IST" duration-ms="770" status="PASS">
          <reporter-output>
          </reporter-output>
        </test-method> <!-- tearDown -->
      </class> <!-- com.sysmatech.TestCases.Tc_Settings_WorkOrder_CategoriesUpdate_59 -->
      <class name="com.sysmatech.TestCases.Tc_Asset_DeleteInBulk_038">
        <test-method is-config="true" signature="setUp(java.lang.String)[pri:0, instance:com.sysmatech.TestCases.Tc_Asset_DeleteInBulk_038@4efbca5a]" started-at="2023-04-12T17:54:28 IST" name="setUp" finished-at="2023-04-12T17:54:36 IST" duration-ms="7713" status="PASS">
          <params>
            <param index="0">
              <value>
                <![CDATA[chrome]]>
              </value>
            </param>
          </params>
          <reporter-output>
          </reporter-output>
        </test-method> <!-- setUp -->
        <test-method signature="AssetBulkDelete()[pri:0, instance:com.sysmatech.TestCases.Tc_Asset_DeleteInBulk_038@4efbca5a]" started-at="2023-04-12T17:54:36 IST" name="AssetBulkDelete" finished-at="2023-04-12T17:55:14 IST" duration-ms="38340" status="PASS">
          <reporter-output>
          </reporter-output>
        </test-method> <!-- AssetBulkDelete -->
        <test-method is-config="true" signature="tearDown()[pri:0, instance:com.sysmatech.TestCases.Tc_Asset_DeleteInBulk_038@4efbca5a]" started-at="2023-04-12T17:55:14 IST" name="tearDown" finished-at="2023-04-12T17:55:15 IST" duration-ms="692" status="PASS">
          <reporter-output>
          </reporter-output>
        </test-method> <!-- tearDown -->
      </class> <!-- com.sysmatech.TestCases.Tc_Asset_DeleteInBulk_038 -->
      <class name="com.sysmatech.TestCases.Tc_Settings_WorkOrderPriorityCreate_055">
        <test-method is-config="true" signature="setUp(java.lang.String)[pri:0, instance:com.sysmatech.TestCases.Tc_Settings_WorkOrderPriorityCreate_055@1a482e36]" started-at="2023-04-12T17:56:35 IST" name="setUp" finished-at="2023-04-12T17:56:41 IST" duration-ms="5885" status="PASS">
          <params>
            <param index="0">
              <value>
                <![CDATA[chrome]]>
              </value>
            </param>
          </params>
          <reporter-output>
          </reporter-output>
        </test-method> <!-- setUp -->
        <test-method signature="WOPrioritiesCreate()[pri:1, instance:com.sysmatech.TestCases.Tc_Settings_WorkOrderPriorityCreate_055@1a482e36]" started-at="2023-04-12T17:56:41 IST" name="WOPrioritiesCreate" finished-at="2023-04-12T17:57:20 IST" duration-ms="39350" status="PASS">
          <reporter-output>
          </reporter-output>
        </test-method> <!-- WOPrioritiesCreate -->
        <test-method signature="WOPrioritiesCreate2()[pri:2, instance:com.sysmatech.TestCases.Tc_Settings_WorkOrderPriorityCreate_055@1a482e36]" started-at="2023-04-12T17:57:20 IST" name="WOPrioritiesCreate2" finished-at="2023-04-12T17:58:04 IST" duration-ms="43550" status="PASS">
          <reporter-output>
          </reporter-output>
        </test-method> <!-- WOPrioritiesCreate2 -->
        <test-method is-config="true" signature="tearDown()[pri:0, instance:com.sysmatech.TestCases.Tc_Settings_WorkOrderPriorityCreate_055@1a482e36]" started-at="2023-04-12T17:58:04 IST" name="tearDown" finished-at="2023-04-12T17:58:04 IST" duration-ms="680" status="PASS">
          <reporter-output>
          </reporter-output>
        </test-method> <!-- tearDown -->
      </class> <!-- com.sysmatech.TestCases.Tc_Settings_WorkOrderPriorityCreate_055 -->
      <class name="com.sysmatech.TestCases.Tc_Asset_Copy_036">
        <test-method is-config="true" signature="setUp(java.lang.String)[pri:0, instance:com.sysmatech.TestCases.Tc_Asset_Copy_036@9597028]" started-at="2023-04-12T17:52:59 IST" name="setUp" finished-at="2023-04-12T17:53:05 IST" duration-ms="6023" status="PASS">
          <params>
            <param index="0">
              <value>
                <![CDATA[chrome]]>
              </value>
            </param>
          </params>
          <reporter-output>
          </reporter-output>
        </test-method> <!-- setUp -->
        <test-method signature="CreateAssetCopy()[pri:1, instance:com.sysmatech.TestCases.Tc_Asset_Copy_036@9597028]" started-at="2023-04-12T17:53:05 IST" name="CreateAssetCopy" finished-at="2023-04-12T17:53:45 IST" duration-ms="39773" status="PASS">
          <reporter-output>
          </reporter-output>
        </test-method> <!-- CreateAssetCopy -->
        <test-method is-config="true" signature="tearDown()[pri:0, instance:com.sysmatech.TestCases.Tc_Asset_Copy_036@9597028]" started-at="2023-04-12T17:53:45 IST" name="tearDown" finished-at="2023-04-12T17:53:46 IST" duration-ms="690" status="PASS">
          <reporter-output>
          </reporter-output>
        </test-method> <!-- tearDown -->
      </class> <!-- com.sysmatech.TestCases.Tc_Asset_Copy_036 -->
      <class name="com.sysmatech.TestCases.Tc_Asset_GenerateLabelsCreate_039">
        <test-method is-config="true" signature="setUp(java.lang.String)[pri:0, instance:com.sysmatech.TestCases.Tc_Asset_GenerateLabelsCreate_039@1b7cc17c]" started-at="2023-04-12T17:55:15 IST" name="setUp" finished-at="2023-04-12T17:55:22 IST" duration-ms="7191" status="PASS">
          <params>
            <param index="0">
              <value>
                <![CDATA[chrome]]>
              </value>
            </param>
          </params>
          <reporter-output>
          </reporter-output>
        </test-method> <!-- setUp -->
        <test-method signature="GeneratedAsset()[pri:0, instance:com.sysmatech.TestCases.Tc_Asset_GenerateLabelsCreate_039@1b7cc17c]" started-at="2023-04-12T17:55:22 IST" name="GeneratedAsset" finished-at="2023-04-12T17:55:47 IST" duration-ms="24626" status="PASS">
          <reporter-output>
          </reporter-output>
        </test-method> <!-- GeneratedAsset -->
        <test-method is-config="true" signature="tearDown()[pri:0, instance:com.sysmatech.TestCases.Tc_Asset_GenerateLabelsCreate_039@1b7cc17c]" started-at="2023-04-12T17:55:47 IST" name="tearDown" finished-at="2023-04-12T17:55:48 IST" duration-ms="657" status="PASS">
          <reporter-output>
          </reporter-output>
        </test-method> <!-- tearDown -->
      </class> <!-- com.sysmatech.TestCases.Tc_Asset_GenerateLabelsCreate_039 -->
      <class name="com.sysmatech.TestCases.Tc_Settings_WorkOrderPriority_Delete_057">
        <test-method is-config="true" signature="setUp(java.lang.String)[pri:0, instance:com.sysmatech.TestCases.Tc_Settings_WorkOrderPriority_Delete_057@5b8dfcc1]" started-at="2023-04-12T17:58:42 IST" name="setUp" finished-at="2023-04-12T17:58:49 IST" duration-ms="6830" status="PASS">
          <params>
            <param index="0">
              <value>
                <![CDATA[chrome]]>
              </value>
            </param>
          </params>
          <reporter-output>
          </reporter-output>
        </test-method> <!-- setUp -->
        <test-method signature="CustomField()[pri:1, instance:com.sysmatech.TestCases.Tc_Settings_WorkOrderPriority_Delete_057@5b8dfcc1]" started-at="2023-04-12T17:58:49 IST" name="CustomField" finished-at="2023-04-12T17:59:14 IST" duration-ms="25528" status="PASS">
          <reporter-output>
          </reporter-output>
        </test-method> <!-- CustomField -->
        <test-method is-config="true" signature="tearDown()[pri:0, instance:com.sysmatech.TestCases.Tc_Settings_WorkOrderPriority_Delete_057@5b8dfcc1]" started-at="2023-04-12T17:59:14 IST" name="tearDown" finished-at="2023-04-12T17:59:15 IST" duration-ms="701" status="PASS">
          <reporter-output>
          </reporter-output>
        </test-method> <!-- tearDown -->
      </class> <!-- com.sysmatech.TestCases.Tc_Settings_WorkOrderPriority_Delete_057 -->
      <class name="com.sysmatech.TestCases.Tc_Settings_WorkOrderPriority_Update_056">
        <test-method is-config="true" signature="setUp(java.lang.String)[pri:0, instance:com.sysmatech.TestCases.Tc_Settings_WorkOrderPriority_Update_056@72967906]" started-at="2023-04-12T17:58:04 IST" name="setUp" finished-at="2023-04-12T17:58:11 IST" duration-ms="6329" status="PASS">
          <params>
            <param index="0">
              <value>
                <![CDATA[chrome]]>
              </value>
            </param>
          </params>
          <reporter-output>
          </reporter-output>
        </test-method> <!-- setUp -->
        <test-method signature="CustomField()[pri:1, instance:com.sysmatech.TestCases.Tc_Settings_WorkOrderPriority_Update_056@72967906]" started-at="2023-04-12T17:58:11 IST" name="CustomField" finished-at="2023-04-12T17:58:41 IST" duration-ms="30191" status="PASS">
          <reporter-output>
          </reporter-output>
        </test-method> <!-- CustomField -->
        <test-method is-config="true" signature="tearDown()[pri:0, instance:com.sysmatech.TestCases.Tc_Settings_WorkOrderPriority_Update_056@72967906]" started-at="2023-04-12T17:58:41 IST" name="tearDown" finished-at="2023-04-12T17:58:42 IST" duration-ms="1003" status="PASS">
          <reporter-output>
          </reporter-output>
        </test-method> <!-- tearDown -->
      </class> <!-- com.sysmatech.TestCases.Tc_Settings_WorkOrderPriority_Update_056 -->
      <class name="com.sysmatech.TestCases.Tc_Settings_WorkOrderCategories_Delete_060">
        <test-method is-config="true" signature="setUp(java.lang.String)[pri:0, instance:com.sysmatech.TestCases.Tc_Settings_WorkOrderCategories_Delete_060@35e2d654]" started-at="2023-04-12T18:01:21 IST" name="setUp" finished-at="2023-04-12T18:01:27 IST" duration-ms="5292" status="PASS">
          <params>
            <param index="0">
              <value>
                <![CDATA[chrome]]>
              </value>
            </param>
          </params>
          <reporter-output>
          </reporter-output>
        </test-method> <!-- setUp -->
        <test-method signature="WOCategoriesDelete()[pri:1, instance:com.sysmatech.TestCases.Tc_Settings_WorkOrderCategories_Delete_060@35e2d654]" started-at="2023-04-12T18:01:27 IST" name="WOCategoriesDelete" finished-at="2023-04-12T18:02:03 IST" duration-ms="36072" status="PASS">
          <reporter-output>
          </reporter-output>
        </test-method> <!-- WOCategoriesDelete -->
        <test-method is-config="true" signature="tearDown()[pri:0, instance:com.sysmatech.TestCases.Tc_Settings_WorkOrderCategories_Delete_060@35e2d654]" started-at="2023-04-12T18:02:03 IST" name="tearDown" finished-at="2023-04-12T18:02:04 IST" duration-ms="1149" status="PASS">
          <reporter-output>
          </reporter-output>
        </test-method> <!-- tearDown -->
      </class> <!-- com.sysmatech.TestCases.Tc_Settings_WorkOrderCategories_Delete_060 -->
    </test> <!-- sysmatechTest -->
  </suite> <!-- sysmatechSuite -->
</testng-results>
