<?xml version="1.0" encoding="UTF-8"?>
<testng-results ignored="0" total="1" passed="1" failed="0" skipped="0">
  <reporter-output>
  </reporter-output>
  <suite started-at="2023-03-23T11:39:47 IST" name="sysmatechSuite" finished-at="2023-03-23T11:40:30 IST" duration-ms="42884">
    <groups>
    </groups>
    <test started-at="2023-03-23T11:39:47 IST" name="sysmatechTest" finished-at="2023-03-23T11:40:30 IST" duration-ms="42884">
      <class name="com.sysmatech.TestCases.Tc_preventiveMaintenance_Update_051">
        <test-method is-config="true" signature="setUp(java.lang.String)[pri:0, instance:com.sysmatech.TestCases.Tc_preventiveMaintenance_Update_051@6b81ce95]" started-at="2023-03-23T11:39:47 IST" name="setUp" finished-at="2023-03-23T11:39:57 IST" duration-ms="9913" status="PASS">
          <params>
            <param index="0">
              <value>
                <![CDATA[chrome]]>
              </value>
            </param>
          </params>
          <reporter-output>
          </reporter-output>
        </test-method> <!-- setUp -->
        <test-method signature="CreatePreventive_Maintenance_Clone()[pri:0, instance:com.sysmatech.TestCases.Tc_preventiveMaintenance_Update_051@6b81ce95]" started-at="2023-03-23T11:39:57 IST" name="CreatePreventive_Maintenance_Clone" finished-at="2023-03-23T11:40:30 IST" duration-ms="32591" status="PASS">
          <reporter-output>
          </reporter-output>
        </test-method> <!-- CreatePreventive_Maintenance_Clone -->
        <test-method is-config="true" signature="tearDown()[pri:0, instance:com.sysmatech.TestCases.Tc_preventiveMaintenance_Update_051@6b81ce95]" started-at="2023-03-23T11:40:30 IST" name="tearDown" finished-at="2023-03-23T11:40:30 IST" duration-ms="323" status="PASS">
          <reporter-output>
          </reporter-output>
        </test-method> <!-- tearDown -->
      </class> <!-- com.sysmatech.TestCases.Tc_preventiveMaintenance_Update_051 -->
    </test> <!-- sysmatechTest -->
  </suite> <!-- sysmatechSuite -->
</testng-results>
